<?xml version="1.0" encoding="UTF-8"?>
<!-- Generated by org.testng.reporters.JUnitReportReporter -->
<testsuite hostname="BharathTharun" failures="0" tests="1" name="sampletesting.day7five" time="11.517" errors="0" timestamp="3 Jun 2023 07:07:13 GMT">
  <testcase classname="sampletesting.day7five" name="openWeb" time="11.517"/>
</testsuite> <!-- sampletesting.day7five -->
