<?xml version="1.0" encoding="UTF-8"?>
<!-- Generated by org.testng.reporters.JUnitReportReporter -->
<testsuite hostname="BharathTharun" failures="0" tests="1" name="sampletesting.day7Three" time="23.584" errors="0" timestamp="2 Jun 2023 09:52:29 GMT">
  <testcase classname="sampletesting.day7Three" name="UserDet" time="23.584"/>
</testsuite> <!-- sampletesting.day7Three -->
