<?xml version="1.0" encoding="UTF-8"?>
<!-- Generated by org.testng.reporters.JUnitReportReporter -->
<testsuite hostname="BharathTharun" failures="0" tests="2" name="sampletesting.day7four" time="10.651" errors="0" timestamp="2 Jun 2023 10:19:15 GMT">
  <testcase classname="sampletesting.day7four" name="Login" time="3.506"/>
  <testcase classname="sampletesting.day7four" name="LogOut" time="7.145"/>
</testsuite> <!-- sampletesting.day7four -->
