<?xml version="1.0" encoding="UTF-8"?>
<!-- Generated by org.testng.reporters.JUnitReportReporter -->
<testsuite hostname="BharathTharun" failures="0" tests="4" name="sampletesting.Calculate" time="0.020" errors="0" timestamp="2 Jun 2023 06:26:28 GMT">
  <testcase classname="sampletesting.Calculate" name="Addition" time="0.017"/>
  <testcase classname="sampletesting.Calculate" name="Division" time="0.001"/>
  <testcase classname="sampletesting.Calculate" name="Subtraction" time="0.001"/>
  <testcase classname="sampletesting.Calculate" name="Multiplication" time="0.001"/>
</testsuite> <!-- sampletesting.Calculate -->
