<?xml version="1.0" encoding="UTF-8"?>
<!-- Generated by org.testng.reporters.JUnitReportReporter -->
<testsuite hostname="BharathTharun" failures="0" tests="1" name="com.example.demo.workDay11.Daddy" time="10.647" errors="0" timestamp="7 Jun 2023 07:32:55 GMT">
  <testcase classname="com.example.demo.workDay11.Daddy" name="TestCase01" time="10.647"/>
</testsuite> <!-- com.example.demo.workDay11.Daddy -->
