<?xml version="1.0" encoding="UTF-8"?>
<!-- Generated by org.testng.reporters.JUnitReportReporter -->
<testsuite hostname="BharathTharun" failures="0" tests="1" name="sampletesting.day7Three" time="39.799" errors="0" timestamp="2 Jun 2023 07:18:25 GMT">
  <testcase classname="sampletesting.day7Three" name="UserDet" time="39.799"/>
</testsuite> <!-- sampletesting.day7Three -->
