<?xml version="1.0" encoding="UTF-8"?>
<!-- Generated by org.testng.reporters.JUnitReportReporter -->
<testsuite hostname="BharathTharun" failures="0" tests="1" name="sampletesting.NewTest" time="26.225" errors="0" timestamp="2 Jun 2023 05:14:05 GMT">
  <testcase classname="sampletesting.NewTest" name="day7" time="26.225"/>
</testsuite> <!-- sampletesting.NewTest -->
