<?xml version="1.0" encoding="UTF-8"?>
<!-- Generated by org.testng.reporters.JUnitReportReporter -->
<testsuite hostname="BharathTharun" failures="0" tests="4" name="com.example.demo.workDay9.Day9One" time="0.024" errors="0" timestamp="5 Jun 2023 05:07:17 GMT">
  <testcase classname="com.example.demo.workDay9.Day9One" name="Multiplication" time="0.001"/>
  <testcase classname="com.example.demo.workDay9.Day9One" name="Division" time="0.002"/>
  <testcase classname="com.example.demo.workDay9.Day9One" name="Addition" time="0.020"/>
  <testcase classname="com.example.demo.workDay9.Day9One" name="Subtraction" time="0.001"/>
</testsuite> <!-- com.example.demo.workDay9.Day9One -->
