<?xml version="1.0" encoding="UTF-8"?>
<!-- Generated by org.testng.reporters.JUnitReportReporter -->
<testsuite hostname="BharathTharun" failures="0" tests="1" name="com.example.demo.workDay9.Day9FiveListener" time="0.026" errors="0" timestamp="5 Jun 2023 09:02:18 GMT">
  <testcase classname="com.example.demo.workDay9.Day9FiveListener" name="f" time="0.026"/>
</testsuite> <!-- com.example.demo.workDay9.Day9FiveListener -->
