<?xml version="1.0" encoding="UTF-8"?>
<!-- Generated by org.testng.reporters.JUnitReportReporter -->
<testsuite hostname="BharathTharun" failures="0" tests="1" name="com.example.demo.workDay9.Day9Two" time="9.434" errors="0" timestamp="5 Jun 2023 06:32:29 GMT">
  <testcase classname="com.example.demo.workDay9.Day9Two" name="Godaddy" time="9.434"/>
</testsuite> <!-- com.example.demo.workDay9.Day9Two -->
